#
# There is insufficient memory for the Java Runtime Environment to continue.
# Native memory allocation (mmap) failed to map 866123776 bytes for G1 virtual space
# Possible reasons:
#   The system is out of physical RAM or swap space
#   The process is running with CompressedOops enabled, and the Java Heap may be blocking the growth of the native heap
# Possible solutions:
#   Reduce memory load on the system
#   Increase physical memory or swap space
#   Check if swap backing store is full
#   Decrease Java heap size (-Xmx/-Xms)
#   Decrease number of Java threads
#   Decrease Java thread stack sizes (-Xss)
#   Set larger code cache with -XX:ReservedCodeCacheSize=
#   JVM is running with Zero Based Compressed Oops mode in which the Java heap is
#     placed in the first 32GB address space. The Java Heap base address is the
#     maximum limit for the native heap growth. Please use -XX:HeapBaseMinAddress
#     to set the Java Heap base and to place the Java Heap above 32GB virtual address.
# This output file may be truncated or incomplete.
#
#  Out of Memory Error (os_windows.cpp:3535), pid=14716, tid=9048
#
# JRE version: OpenJDK Runtime Environment Temurin-17.0.3+7 (17.0.3+7) (build 17.0.3+7)
# Java VM: OpenJDK 64-Bit Server VM Temurin-17.0.3+7 (17.0.3+7, mixed mode, tiered, compressed oops, compressed class ptrs, g1 gc, windows-amd64)
# No core dump will be written. Minidumps are not enabled by default on client versions of Windows
#

---------------  S U M M A R Y ------------

Command Line: -Dfile.encoding=Cp1252 -XX:+ShowCodeDetailsInExceptionMessages Main

Host: Intel(R) Core(TM) i7-4790K CPU @ 4.00GHz, 8 cores, 15G,  Windows 10 , 64 bit Build 19041 (10.0.19041.2364)
Time: Thu Dec 15 20:51:23 2022 GTB Standard Time elapsed time: 6.471127 seconds (0d 0h 0m 6s)

---------------  T H R E A D  ---------------

Current thread (0x000002d1aac0bb60):  VMThread "VM Thread" [stack: 0x000000dd57300000,0x000000dd57400000] [id=9048]

Stack: [0x000000dd57300000,0x000000dd57400000]
Native frames: (J=compiled Java code, j=interpreted, Vv=VM code, C=native code)
V  [jvm.dll+0x675efa]
V  [jvm.dll+0x830a24]
V  [jvm.dll+0x8321ce]
V  [jvm.dll+0x832833]
V  [jvm.dll+0x2454b5]
V  [jvm.dll+0x672de9]
V  [jvm.dll+0x667732]
V  [jvm.dll+0x3043ab]
V  [jvm.dll+0x30b8f6]
V  [jvm.dll+0x35b62e]
V  [jvm.dll+0x35b85f]
V  [jvm.dll+0x2db248]
V  [jvm.dll+0x2d94fc]
V  [jvm.dll+0x2d8acc]
V  [jvm.dll+0x31ca2b]
V  [jvm.dll+0x836cdb]
V  [jvm.dll+0x837a14]
V  [jvm.dll+0x837f2c]
V  [jvm.dll+0x838304]
V  [jvm.dll+0x8383d0]
V  [jvm.dll+0x7e0cfa]
V  [jvm.dll+0x674d85]
C  [ucrtbase.dll+0x21bb2]
C  [KERNEL32.DLL+0x17614]
C  [ntdll.dll+0x526a1]

VM_Operation (0x000000dd56cfebe0): G1CollectForAllocation, mode: safepoint, requested by thread 0x000002d18b5ac420


---------------  P R O C E S S  ---------------

Threads class SMR info:
_java_thread_list=0x000002d1ab63b6b0, length=13, elements={
0x000002d18b5ac420, 0x000002d1aac126b0, 0x000002d1aac13d40, 0x000002d1aac55270,
0x000002d1aac55b30, 0x000002d1aac574f0, 0x000002d1aac57ea0, 0x000002d1aac58c30,
0x000002d1aacecaf0, 0x000002d1aaced7a0, 0x000002d1aae00120, 0x000002d1aae1b870,
0x000002d1aafa3260
}

Java Threads: ( => current thread )
  0x000002d18b5ac420 JavaThread "main" [_thread_blocked, id=15876, stack(0x000000dd56c00000,0x000000dd56d00000)]
  0x000002d1aac126b0 JavaThread "Reference Handler" daemon [_thread_blocked, id=8376, stack(0x000000dd57400000,0x000000dd57500000)]
  0x000002d1aac13d40 JavaThread "Finalizer" daemon [_thread_blocked, id=8660, stack(0x000000dd57500000,0x000000dd57600000)]
  0x000002d1aac55270 JavaThread "Signal Dispatcher" daemon [_thread_blocked, id=14296, stack(0x000000dd57600000,0x000000dd57700000)]
  0x000002d1aac55b30 JavaThread "Attach Listener" daemon [_thread_blocked, id=7376, stack(0x000000dd57700000,0x000000dd57800000)]
  0x000002d1aac574f0 JavaThread "Service Thread" daemon [_thread_blocked, id=14780, stack(0x000000dd57800000,0x000000dd57900000)]
  0x000002d1aac57ea0 JavaThread "Monitor Deflation Thread" daemon [_thread_blocked, id=6852, stack(0x000000dd57900000,0x000000dd57a00000)]
  0x000002d1aac58c30 JavaThread "C2 CompilerThread0" daemon [_thread_blocked, id=14448, stack(0x000000dd57a00000,0x000000dd57b00000)]
  0x000002d1aacecaf0 JavaThread "C1 CompilerThread0" daemon [_thread_blocked, id=5248, stack(0x000000dd57b00000,0x000000dd57c00000)]
  0x000002d1aaced7a0 JavaThread "Sweeper thread" daemon [_thread_blocked, id=18172, stack(0x000000dd57c00000,0x000000dd57d00000)]
  0x000002d1aae00120 JavaThread "Notification Thread" daemon [_thread_blocked, id=14792, stack(0x000000dd57d00000,0x000000dd57e00000)]
  0x000002d1aae1b870 JavaThread "Common-Cleaner" daemon [_thread_blocked, id=15648, stack(0x000000dd57f00000,0x000000dd58000000)]
  0x000002d1aafa3260 JavaThread "C2 CompilerThread1" daemon [_thread_blocked, id=12952, stack(0x000000dd58000000,0x000000dd58100000)]

Other Threads:
=>0x000002d1aac0bb60 VMThread "VM Thread" [stack: 0x000000dd57300000,0x000000dd57400000] [id=9048]
  0x000002d1aae1a010 WatcherThread [stack: 0x000000dd57e00000,0x000000dd57f00000] [id=8680]
  0x000002d18b61bc60 GCTaskThread "GC Thread#0" [stack: 0x000000dd56e00000,0x000000dd56f00000] [id=1080]
  0x000002d1ab2d2f80 GCTaskThread "GC Thread#1" [stack: 0x000000dd58200000,0x000000dd58300000] [id=18544]
  0x000002d1ab2d3230 GCTaskThread "GC Thread#2" [stack: 0x000000dd58300000,0x000000dd58400000] [id=3052]
  0x000002d1ab6c3560 GCTaskThread "GC Thread#3" [stack: 0x000000dd58400000,0x000000dd58500000] [id=9484]
  0x000002d1aaf7a790 GCTaskThread "GC Thread#4" [stack: 0x000000dd58500000,0x000000dd58600000] [id=6124]
  0x000002d1aaf7aa40 GCTaskThread "GC Thread#5" [stack: 0x000000dd58600000,0x000000dd58700000] [id=32]
  0x000002d1ab7f7b50 GCTaskThread "GC Thread#6" [stack: 0x000000dd58700000,0x000000dd58800000] [id=16156]
  0x000002d1ab67c430 GCTaskThread "GC Thread#7" [stack: 0x000000dd58800000,0x000000dd58900000] [id=13356]
  0x000002d18b62ddc0 ConcurrentGCThread "G1 Main Marker" [stack: 0x000000dd56f00000,0x000000dd57000000] [id=19888]
  0x000002d18b62e6d0 ConcurrentGCThread "G1 Conc#0" [stack: 0x000000dd57000000,0x000000dd57100000] [id=9468]
  0x000002d1aa0444f0 ConcurrentGCThread "G1 Refine#0" [stack: 0x000000dd57100000,0x000000dd57200000] [id=13956]
  0x000002d18b680470 ConcurrentGCThread "G1 Service" [stack: 0x000000dd57200000,0x000000dd57300000] [id=6032]

Threads with active compile tasks:

VM state: at safepoint (normal execution)

VM Mutex/Monitor currently owned by a thread:  ([mutex/lock_event])
[0x000002d18b5a7b00] Threads_lock - owner thread: 0x000002d1aac0bb60
[0x000002d18b5a7f80] Heap_lock - owner thread: 0x000002d18b5ac420

Heap address: 0x0000000700e00000, size: 4082 MB, Compressed Oops mode: Zero based, Oop shift amount: 3

CDS archive(s) not mapped
Compressed class space mapped at: 0x0000000800000000-0x0000000840000000, reserved size: 1073741824
Narrow klass base: 0x0000000800000000, Narrow klass shift: 0, Narrow klass range: 0x40000000

GC Precious Log:
 CPUs: 8 total, 8 available
 Memory: 16324M
 Large Page Support: Disabled
 NUMA Support: Disabled
 Compressed Oops: Enabled (Zero based)
 Heap Region Size: 2M
 Heap Min Capacity: 8M
 Heap Initial Capacity: 256M
 Heap Max Capacity: 4082M
 Pre-touch: Disabled
 Parallel Workers: 8
 Concurrent Workers: 2
 Concurrent Refinement Workers: 8
 Periodic GC: Disabled

Heap:
 garbage-first heap   total 552960K, used 77164K [0x0000000700e00000, 0x0000000800000000)
  region size 2048K, 20 young (40960K), 20 survivors (40960K)
 Metaspace       used 3998K, committed 4160K, reserved 1056768K
  class space    used 313K, committed 384K, reserved 1048576K

Heap Regions: E=young(eden), S=young(survivor), O=old, HS=humongous(starts), HC=humongous(continues), CS=collection set, F=free, OA=open archive, CA=closed archive, TAMS=top-at-mark-start (previous, next)
|   0|0x0000000700e00000, 0x0000000701000000, 0x0000000701000000|100%| O|  |TAMS 0x0000000700e00000, 0x0000000700e00000| Untracked 
|   1|0x0000000701000000, 0x0000000701200000, 0x0000000701200000|100%| O|  |TAMS 0x0000000701000000, 0x0000000701000000| Untracked 
|   2|0x0000000701200000, 0x0000000701400000, 0x0000000701400000|100%| O|  |TAMS 0x0000000701200000, 0x0000000701200000| Untracked 
|   3|0x0000000701400000, 0x0000000701600000, 0x0000000701600000|100%| O|  |TAMS 0x0000000701400000, 0x0000000701400000| Untracked 
|   4|0x0000000701600000, 0x0000000701800000, 0x0000000701800000|100%| O|  |TAMS 0x0000000701600000, 0x0000000701600000| Untracked 
|   5|0x0000000701800000, 0x0000000701a00000, 0x0000000701a00000|100%| O|  |TAMS 0x0000000701800000, 0x0000000701800000| Untracked 
|   6|0x0000000701a00000, 0x0000000701c00000, 0x0000000701c00000|100%| O|  |TAMS 0x0000000701a00000, 0x0000000701a00000| Untracked 
|   7|0x0000000701c00000, 0x0000000701e00000, 0x0000000701e00000|100%| O|  |TAMS 0x0000000701c00000, 0x0000000701c00000| Untracked 
|   8|0x0000000701e00000, 0x0000000702000000, 0x0000000702000000|100%| O|  |TAMS 0x0000000701e00000, 0x0000000701e00000| Untracked 
|   9|0x0000000702000000, 0x0000000702200000, 0x0000000702200000|100%| O|  |TAMS 0x0000000702000000, 0x0000000702000000| Untracked 
|  10|0x0000000702200000, 0x0000000702400000, 0x0000000702400000|100%| O|  |TAMS 0x0000000702200000, 0x0000000702200000| Untracked 
|  11|0x0000000702400000, 0x0000000702600000, 0x0000000702600000|100%| O|  |TAMS 0x0000000702400000, 0x0000000702400000| Untracked 
|  12|0x0000000702600000, 0x0000000702800000, 0x0000000702800000|100%| O|  |TAMS 0x0000000702600000, 0x0000000702600000| Untracked 
|  13|0x0000000702800000, 0x0000000702a00000, 0x0000000702a00000|100%| O|  |TAMS 0x0000000702800000, 0x0000000702800000| Untracked 
|  14|0x0000000702a00000, 0x0000000702c00000, 0x0000000702c00000|100%| O|  |TAMS 0x0000000702a00000, 0x0000000702a00000| Untracked 
|  15|0x0000000702c00000, 0x0000000702e00000, 0x0000000702e00000|100%| O|  |TAMS 0x0000000702c00000, 0x0000000702c00000| Untracked 
|  16|0x0000000702e00000, 0x0000000703000000, 0x0000000703000000|100%| O|  |TAMS 0x0000000702e00000, 0x0000000702e00000| Untracked 
|  17|0x0000000703000000, 0x000000070315b000, 0x0000000703200000| 67%| O|  |TAMS 0x0000000703000000, 0x0000000703000000| Untracked 
|  18|0x0000000703200000, 0x0000000703200000, 0x0000000703400000|  0%| F|  |TAMS 0x0000000703200000, 0x0000000703200000| Untracked 
|  19|0x0000000703400000, 0x0000000703400000, 0x0000000703600000|  0%| F|  |TAMS 0x0000000703400000, 0x0000000703400000| Untracked 
|  20|0x0000000703600000, 0x0000000703600000, 0x0000000703800000|  0%| F|  |TAMS 0x0000000703600000, 0x0000000703600000| Untracked 
|  21|0x0000000703800000, 0x0000000703800000, 0x0000000703a00000|  0%| F|  |TAMS 0x0000000703800000, 0x0000000703800000| Untracked 
|  22|0x0000000703a00000, 0x0000000703a00000, 0x0000000703c00000|  0%| F|  |TAMS 0x0000000703a00000, 0x0000000703a00000| Untracked 
|  23|0x0000000703c00000, 0x0000000703c00000, 0x0000000703e00000|  0%| F|  |TAMS 0x0000000703c00000, 0x0000000703c00000| Untracked 
|  24|0x0000000703e00000, 0x0000000703e00000, 0x0000000704000000|  0%| F|  |TAMS 0x0000000703e00000, 0x0000000703e00000| Untracked 
|  25|0x0000000704000000, 0x0000000704000000, 0x0000000704200000|  0%| F|  |TAMS 0x0000000704000000, 0x0000000704000000| Untracked 
|  26|0x0000000704200000, 0x0000000704200000, 0x0000000704400000|  0%| F|  |TAMS 0x0000000704200000, 0x0000000704200000| Untracked 
|  27|0x0000000704400000, 0x0000000704400000, 0x0000000704600000|  0%| F|  |TAMS 0x0000000704400000, 0x0000000704400000| Untracked 
|  28|0x0000000704600000, 0x0000000704600000, 0x0000000704800000|  0%| F|  |TAMS 0x0000000704600000, 0x0000000704600000| Untracked 
|  29|0x0000000704800000, 0x0000000704800000, 0x0000000704a00000|  0%| F|  |TAMS 0x0000000704800000, 0x0000000704800000| Untracked 
|  30|0x0000000704a00000, 0x0000000704a00000, 0x0000000704c00000|  0%| F|  |TAMS 0x0000000704a00000, 0x0000000704a00000| Untracked 
|  31|0x0000000704c00000, 0x0000000704c00000, 0x0000000704e00000|  0%| F|  |TAMS 0x0000000704c00000, 0x0000000704c00000| Untracked 
|  32|0x0000000704e00000, 0x0000000704e00000, 0x0000000705000000|  0%| F|  |TAMS 0x0000000704e00000, 0x0000000704e00000| Untracked 
|  33|0x0000000705000000, 0x0000000705000000, 0x0000000705200000|  0%| F|  |TAMS 0x0000000705000000, 0x0000000705000000| Untracked 
|  34|0x0000000705200000, 0x0000000705200000, 0x0000000705400000|  0%| F|  |TAMS 0x0000000705200000, 0x0000000705200000| Untracked 
|  35|0x0000000705400000, 0x0000000705400000, 0x0000000705600000|  0%| F|  |TAMS 0x0000000705400000, 0x0000000705400000| Untracked 
|  36|0x0000000705600000, 0x0000000705600000, 0x0000000705800000|  0%| F|  |TAMS 0x0000000705600000, 0x0000000705600000| Untracked 
|  37|0x0000000705800000, 0x0000000705800000, 0x0000000705a00000|  0%| F|  |TAMS 0x0000000705800000, 0x0000000705800000| Untracked 
|  38|0x0000000705a00000, 0x0000000705a00000, 0x0000000705c00000|  0%| F|  |TAMS 0x0000000705a00000, 0x0000000705a00000| Untracked 
|  39|0x0000000705c00000, 0x0000000705c00000, 0x0000000705e00000|  0%| F|  |TAMS 0x0000000705c00000, 0x0000000705c00000| Untracked 
|  40|0x0000000705e00000, 0x0000000705e00000, 0x0000000706000000|  0%| F|  |TAMS 0x0000000705e00000, 0x0000000705e00000| Untracked 
|  41|0x0000000706000000, 0x0000000706000000, 0x0000000706200000|  0%| F|  |TAMS 0x0000000706000000, 0x0000000706000000| Untracked 
|  42|0x0000000706200000, 0x0000000706200000, 0x0000000706400000|  0%| F|  |TAMS 0x0000000706200000, 0x0000000706200000| Untracked 
|  43|0x0000000706400000, 0x0000000706400000, 0x0000000706600000|  0%| F|  |TAMS 0x0000000706400000, 0x0000000706400000| Untracked 
|  44|0x0000000706600000, 0x0000000706600000, 0x0000000706800000|  0%| F|  |TAMS 0x0000000706600000, 0x0000000706600000| Untracked 
|  45|0x0000000706800000, 0x0000000706800000, 0x0000000706a00000|  0%| F|  |TAMS 0x0000000706800000, 0x0000000706800000| Untracked 
|  46|0x0000000706a00000, 0x0000000706a00000, 0x0000000706c00000|  0%| F|  |TAMS 0x0000000706a00000, 0x0000000706a00000| Untracked 
|  47|0x0000000706c00000, 0x0000000706c00000, 0x0000000706e00000|  0%| F|  |TAMS 0x0000000706c00000, 0x0000000706c00000| Untracked 
|  48|0x0000000706e00000, 0x0000000706e00000, 0x0000000707000000|  0%| F|  |TAMS 0x0000000706e00000, 0x0000000706e00000| Untracked 
|  49|0x0000000707000000, 0x0000000707000000, 0x0000000707200000|  0%| F|  |TAMS 0x0000000707000000, 0x0000000707000000| Untracked 
|  50|0x0000000707200000, 0x0000000707200000, 0x0000000707400000|  0%| F|  |TAMS 0x0000000707200000, 0x0000000707200000| Untracked 
|  51|0x0000000707400000, 0x0000000707400000, 0x0000000707600000|  0%| F|  |TAMS 0x0000000707400000, 0x0000000707400000| Untracked 
|  52|0x0000000707600000, 0x0000000707600000, 0x0000000707800000|  0%| F|  |TAMS 0x0000000707600000, 0x0000000707600000| Untracked 
|  53|0x0000000707800000, 0x0000000707800000, 0x0000000707a00000|  0%| F|  |TAMS 0x0000000707800000, 0x0000000707800000| Untracked 
|  54|0x0000000707a00000, 0x0000000707a00000, 0x0000000707c00000|  0%| F|  |TAMS 0x0000000707a00000, 0x0000000707a00000| Untracked 
|  55|0x0000000707c00000, 0x0000000707c00000, 0x0000000707e00000|  0%| F|  |TAMS 0x0000000707c00000, 0x0000000707c00000| Untracked 
|  56|0x0000000707e00000, 0x0000000707e00000, 0x0000000708000000|  0%| F|  |TAMS 0x0000000707e00000, 0x0000000707e00000| Untracked 
|  57|0x0000000708000000, 0x0000000708000000, 0x0000000708200000|  0%| F|  |TAMS 0x0000000708000000, 0x0000000708000000| Untracked 
|  58|0x0000000708200000, 0x0000000708200000, 0x0000000708400000|  0%| F|  |TAMS 0x0000000708200000, 0x0000000708200000| Untracked 
|  59|0x0000000708400000, 0x0000000708400000, 0x0000000708600000|  0%| F|  |TAMS 0x0000000708400000, 0x0000000708400000| Untracked 
|  60|0x0000000708600000, 0x0000000708600000, 0x0000000708800000|  0%| F|  |TAMS 0x0000000708600000, 0x0000000708600000| Untracked 
|  61|0x0000000708800000, 0x0000000708800000, 0x0000000708a00000|  0%| F|  |TAMS 0x0000000708800000, 0x0000000708800000| Untracked 
|  62|0x0000000708a00000, 0x0000000708a00000, 0x0000000708c00000|  0%| F|  |TAMS 0x0000000708a00000, 0x0000000708a00000| Untracked 
|  63|0x0000000708c00000, 0x0000000708c00000, 0x0000000708e00000|  0%| F|  |TAMS 0x0000000708c00000, 0x0000000708c00000| Untracked 
|  64|0x0000000708e00000, 0x0000000708e00000, 0x0000000709000000|  0%| F|  |TAMS 0x0000000708e00000, 0x0000000708e00000| Untracked 
|  65|0x0000000709000000, 0x0000000709000000, 0x0000000709200000|  0%| F|  |TAMS 0x0000000709000000, 0x0000000709000000| Untracked 
|  66|0x0000000709200000, 0x0000000709200000, 0x0000000709400000|  0%| F|  |TAMS 0x0000000709200000, 0x0000000709200000| Untracked 
|  67|0x0000000709400000, 0x0000000709400000, 0x0000000709600000|  0%| F|  |TAMS 0x0000000709400000, 0x0000000709400000| Untracked 
|  68|0x0000000709600000, 0x0000000709600000, 0x0000000709800000|  0%| F|  |TAMS 0x0000000709600000, 0x0000000709600000| Untracked 
|  69|0x0000000709800000, 0x0000000709800000, 0x0000000709a00000|  0%| F|  |TAMS 0x0000000709800000, 0x0000000709800000| Untracked 
|  70|0x0000000709a00000, 0x0000000709a00000, 0x0000000709c00000|  0%| F|  |TAMS 0x0000000709a00000, 0x0000000709a00000| Untracked 
|  71|0x0000000709c00000, 0x0000000709c00000, 0x0000000709e00000|  0%| F|  |TAMS 0x0000000709c00000, 0x0000000709c00000| Untracked 
|  72|0x0000000709e00000, 0x0000000709e00000, 0x000000070a000000|  0%| F|  |TAMS 0x0000000709e00000, 0x0000000709e00000| Untracked 
|  73|0x000000070a000000, 0x000000070a000000, 0x000000070a200000|  0%| F|  |TAMS 0x000000070a000000, 0x000000070a000000| Untracked 
|  74|0x000000070a200000, 0x000000070a200000, 0x000000070a400000|  0%| F|  |TAMS 0x000000070a200000, 0x000000070a200000| Untracked 
|  75|0x000000070a400000, 0x000000070a400000, 0x000000070a600000|  0%| F|  |TAMS 0x000000070a400000, 0x000000070a400000| Untracked 
|  76|0x000000070a600000, 0x000000070a600000, 0x000000070a800000|  0%| F|  |TAMS 0x000000070a600000, 0x000000070a600000| Untracked 
|  77|0x000000070a800000, 0x000000070a800000, 0x000000070aa00000|  0%| F|  |TAMS 0x000000070a800000, 0x000000070a800000| Untracked 
|  78|0x000000070aa00000, 0x000000070aa00000, 0x000000070ac00000|  0%| F|  |TAMS 0x000000070aa00000, 0x000000070aa00000| Untracked 
|  79|0x000000070ac00000, 0x000000070ac00000, 0x000000070ae00000|  0%| F|  |TAMS 0x000000070ac00000, 0x000000070ac00000| Untracked 
|  80|0x000000070ae00000, 0x000000070ae00000, 0x000000070b000000|  0%| F|  |TAMS 0x000000070ae00000, 0x000000070ae00000| Untracked 
|  81|0x000000070b000000, 0x000000070b000000, 0x000000070b200000|  0%| F|  |TAMS 0x000000070b000000, 0x000000070b000000| Untracked 
|  82|0x000000070b200000, 0x000000070b200000, 0x000000070b400000|  0%| F|  |TAMS 0x000000070b200000, 0x000000070b200000| Untracked 
|  83|0x000000070b400000, 0x000000070b400000, 0x000000070b600000|  0%| F|  |TAMS 0x000000070b400000, 0x000000070b400000| Untracked 
|  84|0x000000070b600000, 0x000000070b600000, 0x000000070b800000|  0%| F|  |TAMS 0x000000070b600000, 0x000000070b600000| Untracked 
|  85|0x000000070b800000, 0x000000070b800000, 0x000000070ba00000|  0%| F|  |TAMS 0x000000070b800000, 0x000000070b800000| Untracked 
|  86|0x000000070ba00000, 0x000000070ba00000, 0x000000070bc00000|  0%| F|  |TAMS 0x000000070ba00000, 0x000000070ba00000| Untracked 
|  87|0x000000070bc00000, 0x000000070bc00000, 0x000000070be00000|  0%| F|  |TAMS 0x000000070bc00000, 0x000000070bc00000| Untracked 
|  88|0x000000070be00000, 0x000000070be00000, 0x000000070c000000|  0%| F|  |TAMS 0x000000070be00000, 0x000000070be00000| Untracked 
|  89|0x000000070c000000, 0x000000070c000000, 0x000000070c200000|  0%| F|  |TAMS 0x000000070c000000, 0x000000070c000000| Untracked 
|  90|0x000000070c200000, 0x000000070c200000, 0x000000070c400000|  0%| F|  |TAMS 0x000000070c200000, 0x000000070c200000| Untracked 
|  91|0x000000070c400000, 0x000000070c400000, 0x000000070c600000|  0%| F|  |TAMS 0x000000070c400000, 0x000000070c400000| Untracked 
|  92|0x000000070c600000, 0x000000070c600000, 0x000000070c800000|  0%| F|  |TAMS 0x000000070c600000, 0x000000070c600000| Untracked 
|  93|0x000000070c800000, 0x000000070c800000, 0x000000070ca00000|  0%| F|  |TAMS 0x000000070c800000, 0x000000070c800000| Untracked 
|  94|0x000000070ca00000, 0x000000070ca00000, 0x000000070cc00000|  0%| F|  |TAMS 0x000000070ca00000, 0x000000070ca00000| Untracked 
|  95|0x000000070cc00000, 0x000000070cc00000, 0x000000070ce00000|  0%| F|  |TAMS 0x000000070cc00000, 0x000000070cc00000| Untracked 
|  96|0x000000070ce00000, 0x000000070ce00000, 0x000000070d000000|  0%| F|  |TAMS 0x000000070ce00000, 0x000000070ce00000| Untracked 
|  97|0x000000070d000000, 0x000000070d000000, 0x000000070d200000|  0%| F|  |TAMS 0x000000070d000000, 0x000000070d000000| Untracked 
|  98|0x000000070d200000, 0x000000070d200000, 0x000000070d400000|  0%| F|  |TAMS 0x000000070d200000, 0x000000070d200000| Untracked 
|  99|0x000000070d400000, 0x000000070d400000, 0x000000070d600000|  0%| F|  |TAMS 0x000000070d400000, 0x000000070d400000| Untracked 
| 100|0x000000070d600000, 0x000000070d600000, 0x000000070d800000|  0%| F|  |TAMS 0x000000070d600000, 0x000000070d600000| Untracked 
| 101|0x000000070d800000, 0x000000070d800000, 0x000000070da00000|  0%| F|  |TAMS 0x000000070d800000, 0x000000070d800000| Untracked 
| 102|0x000000070da00000, 0x000000070da00000, 0x000000070dc00000|  0%| F|  |TAMS 0x000000070da00000, 0x000000070da00000| Untracked 
| 103|0x000000070dc00000, 0x000000070dc00000, 0x000000070de00000|  0%| F|  |TAMS 0x000000070dc00000, 0x000000070dc00000| Untracked 
| 104|0x000000070de00000, 0x000000070de00000, 0x000000070e000000|  0%| F|  |TAMS 0x000000070de00000, 0x000000070de00000| Untracked 
| 105|0x000000070e000000, 0x000000070e000000, 0x000000070e200000|  0%| F|  |TAMS 0x000000070e000000, 0x000000070e000000| Untracked 
| 106|0x000000070e200000, 0x000000070e200000, 0x000000070e400000|  0%| F|  |TAMS 0x000000070e200000, 0x000000070e200000| Untracked 
| 107|0x000000070e400000, 0x000000070e400000, 0x000000070e600000|  0%| F|  |TAMS 0x000000070e400000, 0x000000070e400000| Untracked 
| 108|0x000000070e600000, 0x000000070e600000, 0x000000070e800000|  0%| F|  |TAMS 0x000000070e600000, 0x000000070e600000| Untracked 
| 109|0x000000070e800000, 0x000000070e800000, 0x000000070ea00000|  0%| F|  |TAMS 0x000000070e800000, 0x000000070e800000| Untracked 
| 110|0x000000070ea00000, 0x000000070ea00000, 0x000000070ec00000|  0%| F|  |TAMS 0x000000070ea00000, 0x000000070ea00000| Untracked 
| 111|0x000000070ec00000, 0x000000070ec00000, 0x000000070ee00000|  0%| F|  |TAMS 0x000000070ec00000, 0x000000070ec00000| Untracked 
| 112|0x000000070ee00000, 0x000000070f000000, 0x000000070f000000|100%| S|CS|TAMS 0x000000070ee00000, 0x000000070ee00000| Complete 
| 113|0x000000070f000000, 0x000000070f200000, 0x000000070f200000|100%| S|CS|TAMS 0x000000070f000000, 0x000000070f000000| Complete 
| 114|0x000000070f200000, 0x000000070f400000, 0x000000070f400000|100%| S|CS|TAMS 0x000000070f200000, 0x000000070f200000| Complete 
| 115|0x000000070f400000, 0x000000070f600000, 0x000000070f600000|100%| S|CS|TAMS 0x000000070f400000, 0x000000070f400000| Complete 
| 116|0x000000070f600000, 0x000000070f800000, 0x000000070f800000|100%| S|CS|TAMS 0x000000070f600000, 0x000000070f600000| Complete 
| 117|0x000000070f800000, 0x000000070fa00000, 0x000000070fa00000|100%| S|CS|TAMS 0x000000070f800000, 0x000000070f800000| Complete 
| 118|0x000000070fa00000, 0x000000070fc00000, 0x000000070fc00000|100%| S|CS|TAMS 0x000000070fa00000, 0x000000070fa00000| Complete 
| 119|0x000000070fc00000, 0x000000070fe00000, 0x000000070fe00000|100%| S|CS|TAMS 0x000000070fc00000, 0x000000070fc00000| Complete 
| 120|0x000000070fe00000, 0x0000000710000000, 0x0000000710000000|100%| S|CS|TAMS 0x000000070fe00000, 0x000000070fe00000| Complete 
| 121|0x0000000710000000, 0x0000000710200000, 0x0000000710200000|100%| S|CS|TAMS 0x0000000710000000, 0x0000000710000000| Complete 
| 122|0x0000000710200000, 0x0000000710400000, 0x0000000710400000|100%| S|CS|TAMS 0x0000000710200000, 0x0000000710200000| Complete 
| 123|0x0000000710400000, 0x0000000710600000, 0x0000000710600000|100%| S|CS|TAMS 0x0000000710400000, 0x0000000710400000| Complete 
| 124|0x0000000710600000, 0x0000000710800000, 0x0000000710800000|100%| S|CS|TAMS 0x0000000710600000, 0x0000000710600000| Complete 
| 125|0x0000000710800000, 0x0000000710a00000, 0x0000000710a00000|100%| S|CS|TAMS 0x0000000710800000, 0x0000000710800000| Complete 
| 126|0x0000000710a00000, 0x0000000710c00000, 0x0000000710c00000|100%| S|CS|TAMS 0x0000000710a00000, 0x0000000710a00000| Complete 
| 127|0x0000000710c00000, 0x0000000710e00000, 0x0000000710e00000|100%| S|CS|TAMS 0x0000000710c00000, 0x0000000710c00000| Complete 
| 128|0x0000000710e00000, 0x0000000711000000, 0x0000000711000000|100%| S|CS|TAMS 0x0000000710e00000, 0x0000000710e00000| Complete 
| 129|0x0000000711000000, 0x0000000711200000, 0x0000000711200000|100%| S|CS|TAMS 0x0000000711000000, 0x0000000711000000| Complete 
| 130|0x0000000711200000, 0x0000000711400000, 0x0000000711400000|100%| S|CS|TAMS 0x0000000711200000, 0x0000000711200000| Complete 
| 131|0x0000000711400000, 0x0000000711600000, 0x0000000711600000|100%| S|CS|TAMS 0x0000000711400000, 0x0000000711400000| Complete 
| 132|0x0000000711600000, 0x0000000711600000, 0x0000000711800000|  0%| F|  |TAMS 0x0000000711600000, 0x0000000711600000| Untracked 
| 133|0x0000000711800000, 0x0000000711800000, 0x0000000711a00000|  0%| F|  |TAMS 0x0000000711800000, 0x0000000711800000| Untracked 
| 134|0x0000000711a00000, 0x0000000711a00000, 0x0000000711c00000|  0%| F|  |TAMS 0x0000000711a00000, 0x0000000711a00000| Untracked 
| 135|0x0000000711c00000, 0x0000000711c00000, 0x0000000711e00000|  0%| F|  |TAMS 0x0000000711c00000, 0x0000000711c00000| Untracked 
| 136|0x0000000711e00000, 0x0000000711e00000, 0x0000000712000000|  0%| F|  |TAMS 0x0000000711e00000, 0x0000000711e00000| Untracked 
| 137|0x0000000712000000, 0x0000000712000000, 0x0000000712200000|  0%| F|  |TAMS 0x0000000712000000, 0x0000000712000000| Untracked 
| 138|0x0000000712200000, 0x0000000712200000, 0x0000000712400000|  0%| F|  |TAMS 0x0000000712200000, 0x0000000712200000| Untracked 
| 139|0x0000000712400000, 0x0000000712400000, 0x0000000712600000|  0%| F|  |TAMS 0x0000000712400000, 0x0000000712400000| Untracked 
| 140|0x0000000712600000, 0x0000000712600000, 0x0000000712800000|  0%| F|  |TAMS 0x0000000712600000, 0x0000000712600000| Untracked 
| 141|0x0000000712800000, 0x0000000712800000, 0x0000000712a00000|  0%| F|  |TAMS 0x0000000712800000, 0x0000000712800000| Untracked 
| 142|0x0000000712a00000, 0x0000000712a00000, 0x0000000712c00000|  0%| F|  |TAMS 0x0000000712a00000, 0x0000000712a00000| Untracked 
| 143|0x0000000712c00000, 0x0000000712c00000, 0x0000000712e00000|  0%| F|  |TAMS 0x0000000712c00000, 0x0000000712c00000| Untracked 
| 144|0x0000000712e00000, 0x0000000712e00000, 0x0000000713000000|  0%| F|  |TAMS 0x0000000712e00000, 0x0000000712e00000| Untracked 
| 145|0x0000000713000000, 0x0000000713000000, 0x0000000713200000|  0%| F|  |TAMS 0x0000000713000000, 0x0000000713000000| Untracked 
| 146|0x0000000713200000, 0x0000000713200000, 0x0000000713400000|  0%| F|  |TAMS 0x0000000713200000, 0x0000000713200000| Untracked 
| 147|0x0000000713400000, 0x0000000713400000, 0x0000000713600000|  0%| F|  |TAMS 0x0000000713400000, 0x0000000713400000| Untracked 
| 148|0x0000000713600000, 0x0000000713600000, 0x0000000713800000|  0%| F|  |TAMS 0x0000000713600000, 0x0000000713600000| Untracked 
| 149|0x0000000713800000, 0x0000000713800000, 0x0000000713a00000|  0%| F|  |TAMS 0x0000000713800000, 0x0000000713800000| Untracked 
| 150|0x0000000713a00000, 0x0000000713a00000, 0x0000000713c00000|  0%| F|  |TAMS 0x0000000713a00000, 0x0000000713a00000| Untracked 
| 151|0x0000000713c00000, 0x0000000713c00000, 0x0000000713e00000|  0%| F|  |TAMS 0x0000000713c00000, 0x0000000713c00000| Untracked 
| 152|0x0000000713e00000, 0x0000000713e00000, 0x0000000714000000|  0%| F|  |TAMS 0x0000000713e00000, 0x0000000713e00000| Untracked 
| 153|0x0000000714000000, 0x0000000714000000, 0x0000000714200000|  0%| F|  |TAMS 0x0000000714000000, 0x0000000714000000| Untracked 
| 154|0x0000000714200000, 0x0000000714200000, 0x0000000714400000|  0%| F|  |TAMS 0x0000000714200000, 0x0000000714200000| Untracked 
| 155|0x0000000714400000, 0x0000000714400000, 0x0000000714600000|  0%| F|  |TAMS 0x0000000714400000, 0x0000000714400000| Untracked 
| 156|0x0000000714600000, 0x0000000714600000, 0x0000000714800000|  0%| F|  |TAMS 0x0000000714600000, 0x0000000714600000| Untracked 
| 157|0x0000000714800000, 0x0000000714800000, 0x0000000714a00000|  0%| F|  |TAMS 0x0000000714800000, 0x0000000714800000| Untracked 
| 158|0x0000000714a00000, 0x0000000714a00000, 0x0000000714c00000|  0%| F|  |TAMS 0x0000000714a00000, 0x0000000714a00000| Untracked 
| 159|0x0000000714c00000, 0x0000000714c00000, 0x0000000714e00000|  0%| F|  |TAMS 0x0000000714c00000, 0x0000000714c00000| Untracked 
| 160|0x0000000714e00000, 0x0000000714e00000, 0x0000000715000000|  0%| F|  |TAMS 0x0000000714e00000, 0x0000000714e00000| Untracked 
| 161|0x0000000715000000, 0x0000000715000000, 0x0000000715200000|  0%| F|  |TAMS 0x0000000715000000, 0x0000000715000000| Untracked 
| 162|0x0000000715200000, 0x0000000715200000, 0x0000000715400000|  0%| F|  |TAMS 0x0000000715200000, 0x0000000715200000| Untracked 
| 163|0x0000000715400000, 0x0000000715400000, 0x0000000715600000|  0%| F|  |TAMS 0x0000000715400000, 0x0000000715400000| Untracked 
| 164|0x0000000715600000, 0x0000000715600000, 0x0000000715800000|  0%| F|  |TAMS 0x0000000715600000, 0x0000000715600000| Untracked 
| 165|0x0000000715800000, 0x0000000715800000, 0x0000000715a00000|  0%| F|  |TAMS 0x0000000715800000, 0x0000000715800000| Untracked 
| 166|0x0000000715a00000, 0x0000000715a00000, 0x0000000715c00000|  0%| F|  |TAMS 0x0000000715a00000, 0x0000000715a00000| Untracked 
| 167|0x0000000715c00000, 0x0000000715c00000, 0x0000000715e00000|  0%| F|  |TAMS 0x0000000715c00000, 0x0000000715c00000| Untracked 
| 168|0x0000000715e00000, 0x0000000715e00000, 0x0000000716000000|  0%| F|  |TAMS 0x0000000715e00000, 0x0000000715e00000| Untracked 
| 169|0x0000000716000000, 0x0000000716000000, 0x0000000716200000|  0%| F|  |TAMS 0x0000000716000000, 0x0000000716000000| Untracked 
| 170|0x0000000716200000, 0x0000000716200000, 0x0000000716400000|  0%| F|  |TAMS 0x0000000716200000, 0x0000000716200000| Untracked 
| 171|0x0000000716400000, 0x0000000716400000, 0x0000000716600000|  0%| F|  |TAMS 0x0000000716400000, 0x0000000716400000| Untracked 
| 172|0x0000000716600000, 0x0000000716600000, 0x0000000716800000|  0%| F|  |TAMS 0x0000000716600000, 0x0000000716600000| Untracked 
| 173|0x0000000716800000, 0x0000000716800000, 0x0000000716a00000|  0%| F|  |TAMS 0x0000000716800000, 0x0000000716800000| Untracked 
| 174|0x0000000716a00000, 0x0000000716a00000, 0x0000000716c00000|  0%| F|  |TAMS 0x0000000716a00000, 0x0000000716a00000| Untracked 
| 175|0x0000000716c00000, 0x0000000716c00000, 0x0000000716e00000|  0%| F|  |TAMS 0x0000000716c00000, 0x0000000716c00000| Untracked 
| 176|0x0000000716e00000, 0x0000000716e00000, 0x0000000717000000|  0%| F|  |TAMS 0x0000000716e00000, 0x0000000716e00000| Untracked 
| 177|0x0000000717000000, 0x0000000717000000, 0x0000000717200000|  0%| F|  |TAMS 0x0000000717000000, 0x0000000717000000| Untracked 
| 178|0x0000000717200000, 0x0000000717200000, 0x0000000717400000|  0%| F|  |TAMS 0x0000000717200000, 0x0000000717200000| Untracked 
| 179|0x0000000717400000, 0x0000000717400000, 0x0000000717600000|  0%| F|  |TAMS 0x0000000717400000, 0x0000000717400000| Untracked 
| 180|0x0000000717600000, 0x0000000717600000, 0x0000000717800000|  0%| F|  |TAMS 0x0000000717600000, 0x0000000717600000| Untracked 
| 181|0x0000000717800000, 0x0000000717800000, 0x0000000717a00000|  0%| F|  |TAMS 0x0000000717800000, 0x0000000717800000| Untracked 
| 182|0x0000000717a00000, 0x0000000717a00000, 0x0000000717c00000|  0%| F|  |TAMS 0x0000000717a00000, 0x0000000717a00000| Untracked 
| 183|0x0000000717c00000, 0x0000000717c00000, 0x0000000717e00000|  0%| F|  |TAMS 0x0000000717c00000, 0x0000000717c00000| Untracked 
| 184|0x0000000717e00000, 0x0000000717e00000, 0x0000000718000000|  0%| F|  |TAMS 0x0000000717e00000, 0x0000000717e00000| Untracked 
| 185|0x0000000718000000, 0x0000000718000000, 0x0000000718200000|  0%| F|  |TAMS 0x0000000718000000, 0x0000000718000000| Untracked 
| 186|0x0000000718200000, 0x0000000718200000, 0x0000000718400000|  0%| F|  |TAMS 0x0000000718200000, 0x0000000718200000| Untracked 
| 187|0x0000000718400000, 0x0000000718400000, 0x0000000718600000|  0%| F|  |TAMS 0x0000000718400000, 0x0000000718400000| Untracked 
| 188|0x0000000718600000, 0x0000000718600000, 0x0000000718800000|  0%| F|  |TAMS 0x0000000718600000, 0x0000000718600000| Untracked 
| 189|0x0000000718800000, 0x0000000718800000, 0x0000000718a00000|  0%| F|  |TAMS 0x0000000718800000, 0x0000000718800000| Untracked 
| 190|0x0000000718a00000, 0x0000000718a00000, 0x0000000718c00000|  0%| F|  |TAMS 0x0000000718a00000, 0x0000000718a00000| Untracked 
| 191|0x0000000718c00000, 0x0000000718c00000, 0x0000000718e00000|  0%| F|  |TAMS 0x0000000718c00000, 0x0000000718c00000| Untracked 
| 192|0x0000000718e00000, 0x0000000718e00000, 0x0000000719000000|  0%| F|  |TAMS 0x0000000718e00000, 0x0000000718e00000| Untracked 
| 193|0x0000000719000000, 0x0000000719000000, 0x0000000719200000|  0%| F|  |TAMS 0x0000000719000000, 0x0000000719000000| Untracked 
| 194|0x0000000719200000, 0x0000000719200000, 0x0000000719400000|  0%| F|  |TAMS 0x0000000719200000, 0x0000000719200000| Untracked 
| 195|0x0000000719400000, 0x0000000719400000, 0x0000000719600000|  0%| F|  |TAMS 0x0000000719400000, 0x0000000719400000| Untracked 
| 196|0x0000000719600000, 0x0000000719600000, 0x0000000719800000|  0%| F|  |TAMS 0x0000000719600000, 0x0000000719600000| Untracked 
| 197|0x0000000719800000, 0x0000000719800000, 0x0000000719a00000|  0%| F|  |TAMS 0x0000000719800000, 0x0000000719800000| Untracked 
| 198|0x0000000719a00000, 0x0000000719a00000, 0x0000000719c00000|  0%| F|  |TAMS 0x0000000719a00000, 0x0000000719a00000| Untracked 
| 199|0x0000000719c00000, 0x0000000719c00000, 0x0000000719e00000|  0%| F|  |TAMS 0x0000000719c00000, 0x0000000719c00000| Untracked 
| 200|0x0000000719e00000, 0x0000000719e00000, 0x000000071a000000|  0%| F|  |TAMS 0x0000000719e00000, 0x0000000719e00000| Untracked 
| 201|0x000000071a000000, 0x000000071a000000, 0x000000071a200000|  0%| F|  |TAMS 0x000000071a000000, 0x000000071a000000| Untracked 
| 202|0x000000071a200000, 0x000000071a200000, 0x000000071a400000|  0%| F|  |TAMS 0x000000071a200000, 0x000000071a200000| Untracked 
| 203|0x000000071a400000, 0x000000071a400000, 0x000000071a600000|  0%| F|  |TAMS 0x000000071a400000, 0x000000071a400000| Untracked 
| 204|0x000000071a600000, 0x000000071a600000, 0x000000071a800000|  0%| F|  |TAMS 0x000000071a600000, 0x000000071a600000| Untracked 
| 205|0x000000071a800000, 0x000000071a800000, 0x000000071aa00000|  0%| F|  |TAMS 0x000000071a800000, 0x000000071a800000| Untracked 
| 206|0x000000071aa00000, 0x000000071aa00000, 0x000000071ac00000|  0%| F|  |TAMS 0x000000071aa00000, 0x000000071aa00000| Untracked 
| 207|0x000000071ac00000, 0x000000071ac00000, 0x000000071ae00000|  0%| F|  |TAMS 0x000000071ac00000, 0x000000071ac00000| Untracked 
| 208|0x000000071ae00000, 0x000000071ae00000, 0x000000071b000000|  0%| F|  |TAMS 0x000000071ae00000, 0x000000071ae00000| Untracked 
| 209|0x000000071b000000, 0x000000071b000000, 0x000000071b200000|  0%| F|  |TAMS 0x000000071b000000, 0x000000071b000000| Untracked 
| 210|0x000000071b200000, 0x000000071b200000, 0x000000071b400000|  0%| F|  |TAMS 0x000000071b200000, 0x000000071b200000| Untracked 
| 211|0x000000071b400000, 0x000000071b400000, 0x000000071b600000|  0%| F|  |TAMS 0x000000071b400000, 0x000000071b400000| Untracked 
| 212|0x000000071b600000, 0x000000071b600000, 0x000000071b800000|  0%| F|  |TAMS 0x000000071b600000, 0x000000071b600000| Untracked 
| 213|0x000000071b800000, 0x000000071b800000, 0x000000071ba00000|  0%| F|  |TAMS 0x000000071b800000, 0x000000071b800000| Untracked 
| 214|0x000000071ba00000, 0x000000071ba00000, 0x000000071bc00000|  0%| F|  |TAMS 0x000000071ba00000, 0x000000071ba00000| Untracked 
| 215|0x000000071bc00000, 0x000000071bc00000, 0x000000071be00000|  0%| F|  |TAMS 0x000000071bc00000, 0x000000071bc00000| Untracked 
| 216|0x000000071be00000, 0x000000071be00000, 0x000000071c000000|  0%| F|  |TAMS 0x000000071be00000, 0x000000071be00000| Untracked 
| 217|0x000000071c000000, 0x000000071c000000, 0x000000071c200000|  0%| F|  |TAMS 0x000000071c000000, 0x000000071c000000| Untracked 
| 218|0x000000071c200000, 0x000000071c200000, 0x000000071c400000|  0%| F|  |TAMS 0x000000071c200000, 0x000000071c200000| Untracked 
| 219|0x000000071c400000, 0x000000071c400000, 0x000000071c600000|  0%| F|  |TAMS 0x000000071c400000, 0x000000071c400000| Untracked 
| 220|0x000000071c600000, 0x000000071c600000, 0x000000071c800000|  0%| F|  |TAMS 0x000000071c600000, 0x000000071c600000| Untracked 
| 221|0x000000071c800000, 0x000000071c800000, 0x000000071ca00000|  0%| F|  |TAMS 0x000000071c800000, 0x000000071c800000| Untracked 
| 222|0x000000071ca00000, 0x000000071ca00000, 0x000000071cc00000|  0%| F|  |TAMS 0x000000071ca00000, 0x000000071ca00000| Untracked 
| 223|0x000000071cc00000, 0x000000071cc00000, 0x000000071ce00000|  0%| F|  |TAMS 0x000000071cc00000, 0x000000071cc00000| Untracked 
| 224|0x000000071ce00000, 0x000000071ce00000, 0x000000071d000000|  0%| F|  |TAMS 0x000000071ce00000, 0x000000071ce00000| Untracked 
| 225|0x000000071d000000, 0x000000071d000000, 0x000000071d200000|  0%| F|  |TAMS 0x000000071d000000, 0x000000071d000000| Untracked 
| 226|0x000000071d200000, 0x000000071d200000, 0x000000071d400000|  0%| F|  |TAMS 0x000000071d200000, 0x000000071d200000| Untracked 
| 227|0x000000071d400000, 0x000000071d400000, 0x000000071d600000|  0%| F|  |TAMS 0x000000071d400000, 0x000000071d400000| Untracked 
| 228|0x000000071d600000, 0x000000071d600000, 0x000000071d800000|  0%| F|  |TAMS 0x000000071d600000, 0x000000071d600000| Untracked 
| 229|0x000000071d800000, 0x000000071d800000, 0x000000071da00000|  0%| F|  |TAMS 0x000000071d800000, 0x000000071d800000| Untracked 
| 230|0x000000071da00000, 0x000000071da00000, 0x000000071dc00000|  0%| F|  |TAMS 0x000000071da00000, 0x000000071da00000| Untracked 
| 231|0x000000071dc00000, 0x000000071dc00000, 0x000000071de00000|  0%| F|  |TAMS 0x000000071dc00000, 0x000000071dc00000| Untracked 
| 232|0x000000071de00000, 0x000000071de00000, 0x000000071e000000|  0%| F|  |TAMS 0x000000071de00000, 0x000000071de00000| Untracked 
| 233|0x000000071e000000, 0x000000071e000000, 0x000000071e200000|  0%| F|  |TAMS 0x000000071e000000, 0x000000071e000000| Untracked 
| 234|0x000000071e200000, 0x000000071e200000, 0x000000071e400000|  0%| F|  |TAMS 0x000000071e200000, 0x000000071e200000| Untracked 
| 235|0x000000071e400000, 0x000000071e400000, 0x000000071e600000|  0%| F|  |TAMS 0x000000071e400000, 0x000000071e400000| Untracked 
| 236|0x000000071e600000, 0x000000071e600000, 0x000000071e800000|  0%| F|  |TAMS 0x000000071e600000, 0x000000071e600000| Untracked 
| 237|0x000000071e800000, 0x000000071e800000, 0x000000071ea00000|  0%| F|  |TAMS 0x000000071e800000, 0x000000071e800000| Untracked 
| 238|0x000000071ea00000, 0x000000071ea00000, 0x000000071ec00000|  0%| F|  |TAMS 0x000000071ea00000, 0x000000071ea00000| Untracked 
| 239|0x000000071ec00000, 0x000000071ec00000, 0x000000071ee00000|  0%| F|  |TAMS 0x000000071ec00000, 0x000000071ec00000| Untracked 
| 240|0x000000071ee00000, 0x000000071ee00000, 0x000000071f000000|  0%| F|  |TAMS 0x000000071ee00000, 0x000000071ee00000| Untracked 
| 241|0x000000071f000000, 0x000000071f000000, 0x000000071f200000|  0%| F|  |TAMS 0x000000071f000000, 0x000000071f000000| Untracked 
| 242|0x000000071f200000, 0x000000071f200000, 0x000000071f400000|  0%| F|  |TAMS 0x000000071f200000, 0x000000071f200000| Untracked 
| 243|0x000000071f400000, 0x000000071f400000, 0x000000071f600000|  0%| F|  |TAMS 0x000000071f400000, 0x000000071f400000| Untracked 
| 244|0x000000071f600000, 0x000000071f600000, 0x000000071f800000|  0%| F|  |TAMS 0x000000071f600000, 0x000000071f600000| Untracked 
| 245|0x000000071f800000, 0x000000071f800000, 0x000000071fa00000|  0%| F|  |TAMS 0x000000071f800000, 0x000000071f800000| Untracked 
| 246|0x000000071fa00000, 0x000000071fa00000, 0x000000071fc00000|  0%| F|  |TAMS 0x000000071fa00000, 0x000000071fa00000| Untracked 
| 247|0x000000071fc00000, 0x000000071fc00000, 0x000000071fe00000|  0%| F|  |TAMS 0x000000071fc00000, 0x000000071fc00000| Untracked 
| 248|0x000000071fe00000, 0x000000071fe00000, 0x0000000720000000|  0%| F|  |TAMS 0x000000071fe00000, 0x000000071fe00000| Untracked 
| 249|0x0000000720000000, 0x0000000720000000, 0x0000000720200000|  0%| F|  |TAMS 0x0000000720000000, 0x0000000720000000| Untracked 
| 250|0x0000000720200000, 0x0000000720200000, 0x0000000720400000|  0%| F|  |TAMS 0x0000000720200000, 0x0000000720200000| Untracked 
| 251|0x0000000720400000, 0x0000000720400000, 0x0000000720600000|  0%| F|  |TAMS 0x0000000720400000, 0x0000000720400000| Untracked 
| 252|0x0000000720600000, 0x0000000720600000, 0x0000000720800000|  0%| F|  |TAMS 0x0000000720600000, 0x0000000720600000| Untracked 
| 253|0x0000000720800000, 0x0000000720800000, 0x0000000720a00000|  0%| F|  |TAMS 0x0000000720800000, 0x0000000720800000| Untracked 
| 254|0x0000000720a00000, 0x0000000720a00000, 0x0000000720c00000|  0%| F|  |TAMS 0x0000000720a00000, 0x0000000720a00000| Untracked 
| 255|0x0000000720c00000, 0x0000000720c00000, 0x0000000720e00000|  0%| F|  |TAMS 0x0000000720c00000, 0x0000000720c00000| Untracked 
| 256|0x0000000720e00000, 0x0000000720e00000, 0x0000000721000000|  0%| F|  |TAMS 0x0000000720e00000, 0x0000000720e00000| Untracked 
| 257|0x0000000721000000, 0x0000000721000000, 0x0000000721200000|  0%| F|  |TAMS 0x0000000721000000, 0x0000000721000000| Untracked 
| 258|0x0000000721200000, 0x0000000721200000, 0x0000000721400000|  0%| F|  |TAMS 0x0000000721200000, 0x0000000721200000| Untracked 
| 259|0x0000000721400000, 0x0000000721400000, 0x0000000721600000|  0%| F|  |TAMS 0x0000000721400000, 0x0000000721400000| Untracked 
| 260|0x0000000721600000, 0x0000000721600000, 0x0000000721800000|  0%| F|  |TAMS 0x0000000721600000, 0x0000000721600000| Untracked 
| 261|0x0000000721800000, 0x0000000721800000, 0x0000000721a00000|  0%| F|  |TAMS 0x0000000721800000, 0x0000000721800000| Untracked 
| 262|0x0000000721a00000, 0x0000000721a00000, 0x0000000721c00000|  0%| F|  |TAMS 0x0000000721a00000, 0x0000000721a00000| Untracked 
| 263|0x0000000721c00000, 0x0000000721c00000, 0x0000000721e00000|  0%| F|  |TAMS 0x0000000721c00000, 0x0000000721c00000| Untracked 
| 264|0x0000000721e00000, 0x0000000721e00000, 0x0000000722000000|  0%| F|  |TAMS 0x0000000721e00000, 0x0000000721e00000| Untracked 
| 265|0x0000000722000000, 0x0000000722000000, 0x0000000722200000|  0%| F|  |TAMS 0x0000000722000000, 0x0000000722000000| Untracked 
| 266|0x0000000722200000, 0x0000000722200000, 0x0000000722400000|  0%| F|  |TAMS 0x0000000722200000, 0x0000000722200000| Untracked 
| 267|0x0000000722400000, 0x0000000722400000, 0x0000000722600000|  0%| F|  |TAMS 0x0000000722400000, 0x0000000722400000| Untracked 
| 268|0x0000000722600000, 0x0000000722600000, 0x0000000722800000|  0%| F|  |TAMS 0x0000000722600000, 0x0000000722600000| Untracked 
| 269|0x0000000722800000, 0x0000000722800000, 0x0000000722a00000|  0%| F|  |TAMS 0x0000000722800000, 0x0000000722800000| Untracked 

Card table byte_map: [0x000002d19e7a0000,0x000002d19efa0000] _byte_map_base: 0x000002d19af99000

Marking Bits (Prev, Next): (CMBitMap*) 0x000002d18b61d580, (CMBitMap*) 0x000002d18b61d5c0
 Prev Bits: [0x000002d19f7a0000, 0x000002d1a3768000)
 Next Bits: [0x000002d1a3770000, 0x000002d1a7738000)

Polling page: 0x000002d189540000

Metaspace:

Usage:
  Non-class:      3.60 MB used.
      Class:    313.64 KB used.
       Both:      3.90 MB used.

Virtual space:
  Non-class space:        8.00 MB reserved,       3.69 MB ( 46%) committed,  1 nodes.
      Class space:        1.00 GB reserved,     384.00 KB ( <1%) committed,  1 nodes.
             Both:        1.01 GB reserved,       4.06 MB ( <1%) committed. 

Chunk freelists:
   Non-Class:  3.98 MB
       Class:  3.62 MB
        Both:  7.61 MB

MaxMetaspaceSize: unlimited
CompressedClassSpaceSize: 1.00 GB
Initial GC threshold: 21.00 MB
Current GC threshold: 21.00 MB
CDS: off
MetaspaceReclaimPolicy: balanced
 - commit_granule_bytes: 65536.
 - commit_granule_words: 8192.
 - virtual_space_node_default_size: 1048576.
 - enlarge_chunks_in_place: 1.
 - new_chunks_are_fully_committed: 0.
 - uncommit_free_chunks: 1.
 - use_allocation_guard: 0.
 - handle_deallocations: 1.


Internal statistics:

num_allocs_failed_limit: 0.
num_arena_births: 4.
num_arena_deaths: 0.
num_vsnodes_births: 2.
num_vsnodes_deaths: 0.
num_space_committed: 65.
num_space_uncommitted: 0.
num_chunks_returned_to_freelist: 0.
num_chunks_taken_from_freelist: 7.
num_chunk_merges: 0.
num_chunk_splits: 3.
num_chunks_enlarged: 2.
num_purges: 0.
num_inconsistent_stats: 0.

CodeHeap 'non-profiled nmethods': size=120000Kb used=131Kb max_used=131Kb free=119868Kb
 bounds [0x000002d196740000, 0x000002d1969b0000, 0x000002d19dc70000]
CodeHeap 'profiled nmethods': size=120000Kb used=258Kb max_used=258Kb free=119741Kb
 bounds [0x000002d18f210000, 0x000002d18f480000, 0x000002d196740000]
CodeHeap 'non-nmethods': size=5760Kb used=1036Kb max_used=1066Kb free=4723Kb
 bounds [0x000002d18ec70000, 0x000002d18eee0000, 0x000002d18f210000]
 total_blobs=484 nmethods=192 adapters=205
 compilation: enabled
              stopped_count=0, restarted_count=0
 full_count=0

Compilation events (20 events):
Event: 0.614 Thread 0x000002d1aafa3770  170       4       java.math.BigInteger::subtract (126 bytes)
Event: 0.617 Thread 0x000002d1aafa3770 nmethod 170 0x000002d196753a10 code [0x000002d196753ba0, 0x000002d196753dd8]
Event: 0.617 Thread 0x000002d1aafa3770  171       4       java.math.BigInteger::squareToLen (33 bytes)
Event: 0.619 Thread 0x000002d1aafa3770 nmethod 171 0x000002d196754090 code [0x000002d196754220, 0x000002d196754438]
Event: 0.619 Thread 0x000002d1aafa3770  173       4       java.math.BigInteger::implSquareToLenChecks (206 bytes)
Event: 0.620 Thread 0x000002d1aafa3770 nmethod 173 0x000002d196754590 code [0x000002d196754700, 0x000002d1967547f8]
Event: 0.620 Thread 0x000002d1aafa3770  192 %     4       Main::search @ 71 (262 bytes)
Event: 0.644 Thread 0x000002d1aac58c30 nmethod 157 0x000002d196754910 code [0x000002d196754bc0, 0x000002d196757408]
Event: 0.645 Thread 0x000002d1aafa3260 nmethod 169 0x000002d196758d90 code [0x000002d196758f40, 0x000002d196759558]
Event: 0.647 Thread 0x000002d1aafa3260  174       4       java.math.BigInteger::square (91 bytes)
Event: 0.647 Thread 0x000002d1aac58c30  184       4       java.math.MutableBigInteger::normalize (91 bytes)
Event: 0.648 Thread 0x000002d1aac58c30 nmethod 184 0x000002d196759b10 code [0x000002d196759ca0, 0x000002d196759e38]
Event: 0.648 Thread 0x000002d1aac58c30  188       4       java.math.MutableBigInteger::getMagnitudeArray (69 bytes)
Event: 0.656 Thread 0x000002d1aac58c30 nmethod 188 0x000002d19675a010 code [0x000002d19675a1a0, 0x000002d19675a678]
Event: 0.656 Thread 0x000002d1aac58c30  183       4       java.lang.StrictMath::floor (12 bytes)
Event: 0.657 Thread 0x000002d1aac58c30 nmethod 183 0x000002d19675a890 code [0x000002d19675aa00, 0x000002d19675aad8]
Event: 0.657 Thread 0x000002d1aac58c30  187       4       java.lang.StrictMath::floorOrCeil (128 bytes)
Event: 0.657 Thread 0x000002d1aafa3260 nmethod 174 0x000002d19675ac10 code [0x000002d19675adc0, 0x000002d19675b418]
Event: 0.658 Thread 0x000002d1aac58c30 nmethod 187 0x000002d19675b810 code [0x000002d19675b980, 0x000002d19675ba78]
Event: 0.870 Thread 0x000002d1aafa3770 nmethod 192% 0x000002d19675bb90 code [0x000002d19675bf00, 0x000002d19675f678]

GC Heap History (17 events):
Event: 0.605 GC heap before
{Heap before GC invocations=0 (full 0):
 garbage-first heap   total 262144K, used 22528K [0x0000000700e00000, 0x0000000800000000)
  region size 2048K, 11 young (22528K), 0 survivors (0K)
 Metaspace       used 3998K, committed 4160K, reserved 1056768K
  class space    used 313K, committed 384K, reserved 1048576K
}
Event: 0.614 GC heap after
{Heap after GC invocations=1 (full 0):
 garbage-first heap   total 262144K, used 1191K [0x0000000700e00000, 0x0000000800000000)
  region size 2048K, 1 young (2048K), 1 survivors (2048K)
 Metaspace       used 3998K, committed 4160K, reserved 1056768K
  class space    used 313K, committed 384K, reserved 1048576K
}
Event: 0.988 GC heap before
{Heap before GC invocations=1 (full 0):
 garbage-first heap   total 262144K, used 44199K [0x0000000700e00000, 0x0000000800000000)
  region size 2048K, 22 young (45056K), 1 survivors (2048K)
 Metaspace       used 3998K, committed 4160K, reserved 1056768K
  class space    used 313K, committed 384K, reserved 1048576K
}
Event: 1.036 GC heap after
{Heap after GC invocations=2 (full 0):
 garbage-first heap   total 262144K, used 2713K [0x0000000700e00000, 0x0000000800000000)
  region size 2048K, 2 young (4096K), 2 survivors (4096K)
 Metaspace       used 3998K, committed 4160K, reserved 1056768K
  class space    used 313K, committed 384K, reserved 1048576K
}
Event: 1.277 GC heap before
{Heap before GC invocations=2 (full 0):
 garbage-first heap   total 262144K, used 154265K [0x0000000700e00000, 0x0000000800000000)
  region size 2048K, 76 young (155648K), 2 survivors (4096K)
 Metaspace       used 3998K, committed 4160K, reserved 1056768K
  class space    used 313K, committed 384K, reserved 1048576K
}
Event: 1.311 GC heap after
{Heap after GC invocations=3 (full 0):
 garbage-first heap   total 262144K, used 7928K [0x0000000700e00000, 0x0000000800000000)
  region size 2048K, 4 young (8192K), 4 survivors (8192K)
 Metaspace       used 3998K, committed 4160K, reserved 1056768K
  class space    used 313K, committed 384K, reserved 1048576K
}
Event: 1.432 GC heap before
{Heap before GC invocations=3 (full 0):
 garbage-first heap   total 262144K, used 155384K [0x0000000700e00000, 0x0000000800000000)
  region size 2048K, 76 young (155648K), 4 survivors (8192K)
 Metaspace       used 3998K, committed 4160K, reserved 1056768K
  class space    used 313K, committed 384K, reserved 1048576K
}
Event: 1.487 GC heap after
{Heap after GC invocations=4 (full 0):
 garbage-first heap   total 262144K, used 13129K [0x0000000700e00000, 0x0000000800000000)
  region size 2048K, 7 young (14336K), 7 survivors (14336K)
 Metaspace       used 3998K, committed 4160K, reserved 1056768K
  class space    used 313K, committed 384K, reserved 1048576K
}
Event: 1.714 GC heap before
{Heap before GC invocations=4 (full 0):
 garbage-first heap   total 262144K, used 154441K [0x0000000700e00000, 0x0000000800000000)
  region size 2048K, 76 young (155648K), 7 survivors (14336K)
 Metaspace       used 3998K, committed 4160K, reserved 1056768K
  class space    used 313K, committed 384K, reserved 1048576K
}
Event: 1.790 GC heap after
{Heap after GC invocations=5 (full 0):
 garbage-first heap   total 552960K, used 18378K [0x0000000700e00000, 0x0000000800000000)
  region size 2048K, 9 young (18432K), 9 survivors (18432K)
 Metaspace       used 3998K, committed 4160K, reserved 1056768K
  class space    used 313K, committed 384K, reserved 1048576K
}
Event: 4.564 GC heap before
{Heap before GC invocations=5 (full 0):
 garbage-first heap   total 552960K, used 331722K [0x0000000700e00000, 0x0000000800000000)
  region size 2048K, 162 young (331776K), 9 survivors (18432K)
 Metaspace       used 3998K, committed 4160K, reserved 1056768K
  class space    used 313K, committed 384K, reserved 1048576K
}
Event: 4.664 GC heap after
{Heap after GC invocations=6 (full 0):
 garbage-first heap   total 552960K, used 29066K [0x0000000700e00000, 0x0000000800000000)
  region size 2048K, 14 young (28672K), 14 survivors (28672K)
 Metaspace       used 3998K, committed 4160K, reserved 1056768K
  class space    used 313K, committed 384K, reserved 1048576K
}
Event: 4.898 GC heap before
{Heap before GC invocations=6 (full 0):
 garbage-first heap   total 552960K, used 291210K [0x0000000700e00000, 0x0000000800000000)
  region size 2048K, 142 young (290816K), 14 survivors (28672K)
 Metaspace       used 3998K, committed 4160K, reserved 1056768K
  class space    used 313K, committed 384K, reserved 1048576K
}
Event: 5.031 GC heap after
{Heap after GC invocations=7 (full 0):
 garbage-first heap   total 552960K, used 38874K [0x0000000700e00000, 0x0000000800000000)
  region size 2048K, 10 young (20480K), 10 survivors (20480K)
 Metaspace       used 3998K, committed 4160K, reserved 1056768K
  class space    used 313K, committed 384K, reserved 1048576K
}
Event: 5.515 GC heap before
{Heap before GC invocations=7 (full 0):
 garbage-first heap   total 552960K, used 344026K [0x0000000700e00000, 0x0000000800000000)
  region size 2048K, 159 young (325632K), 10 survivors (20480K)
 Metaspace       used 3998K, committed 4160K, reserved 1056768K
  class space    used 313K, committed 384K, reserved 1048576K
}
Event: 5.650 GC heap after
{Heap after GC invocations=8 (full 0):
 garbage-first heap   total 552960K, used 59100K [0x0000000700e00000, 0x0000000800000000)
  region size 2048K, 20 young (40960K), 20 survivors (40960K)
 Metaspace       used 3998K, committed 4160K, reserved 1056768K
  class space    used 313K, committed 384K, reserved 1048576K
}
Event: 6.292 GC heap before
{Heap before GC invocations=8 (full 0):
 garbage-first heap   total 552960K, used 341724K [0x0000000700e00000, 0x0000000800000000)
  region size 2048K, 158 young (323584K), 20 survivors (40960K)
 Metaspace       used 3998K, committed 4160K, reserved 1056768K
  class space    used 313K, committed 384K, reserved 1048576K
}

Deoptimization events (18 events):
Event: 0.556 Thread 0x000002d18b5ac420 Uncommon trap: trap_request=0xffffffbe fr.pc=0x000002d19674e3b0 relative=0x00000000000000b0
Event: 0.556 Thread 0x000002d18b5ac420 Uncommon trap: reason=profile_predicate action=maybe_recompile pc=0x000002d19674e3b0 method=java.math.BigInteger.longValue()J @ 5 c2
Event: 0.556 Thread 0x000002d18b5ac420 DEOPT PACKING pc=0x000002d19674e3b0 sp=0x000000dd56cfec80
Event: 0.556 Thread 0x000002d18b5ac420 DEOPT UNPACKING pc=0x000002d18ecc23a3 sp=0x000000dd56cfebf0 mode 2
Event: 0.556 Thread 0x000002d18b5ac420 Uncommon trap: trap_request=0xffffffbe fr.pc=0x000002d19674e3b0 relative=0x00000000000000b0
Event: 0.556 Thread 0x000002d18b5ac420 Uncommon trap: reason=profile_predicate action=maybe_recompile pc=0x000002d19674e3b0 method=java.math.BigInteger.longValue()J @ 5 c2
Event: 0.556 Thread 0x000002d18b5ac420 DEOPT PACKING pc=0x000002d19674e3b0 sp=0x000000dd56cfec80
Event: 0.556 Thread 0x000002d18b5ac420 DEOPT UNPACKING pc=0x000002d18ecc23a3 sp=0x000000dd56cfebf0 mode 2
Event: 0.556 Thread 0x000002d18b5ac420 Uncommon trap: trap_request=0xffffffbe fr.pc=0x000002d19674e3b0 relative=0x00000000000000b0
Event: 0.556 Thread 0x000002d18b5ac420 Uncommon trap: reason=profile_predicate action=maybe_recompile pc=0x000002d19674e3b0 method=java.math.BigInteger.longValue()J @ 5 c2
Event: 0.556 Thread 0x000002d18b5ac420 DEOPT PACKING pc=0x000002d19674e3b0 sp=0x000000dd56cfec80
Event: 0.556 Thread 0x000002d18b5ac420 DEOPT UNPACKING pc=0x000002d18ecc23a3 sp=0x000000dd56cfebf0 mode 2
Event: 0.556 Thread 0x000002d18b5ac420 Uncommon trap: trap_request=0xffffffbe fr.pc=0x000002d19674e3b0 relative=0x00000000000000b0
Event: 0.556 Thread 0x000002d18b5ac420 Uncommon trap: reason=profile_predicate action=maybe_recompile pc=0x000002d19674e3b0 method=java.math.BigInteger.longValue()J @ 5 c2
Event: 0.556 Thread 0x000002d18b5ac420 DEOPT PACKING pc=0x000002d19674e3b0 sp=0x000000dd56cfec80
Event: 0.556 Thread 0x000002d18b5ac420 DEOPT UNPACKING pc=0x000002d18ecc23a3 sp=0x000000dd56cfebf0 mode 2
Event: 0.890 Thread 0x000002d18b5ac420 DEOPT PACKING pc=0x000002d18f24cff3 sp=0x000000dd56cfef20
Event: 0.890 Thread 0x000002d18b5ac420 DEOPT UNPACKING pc=0x000002d18ecc2b43 sp=0x000000dd56cfe490 mode 0

Classes unloaded (0 events):
No events

Classes redefined (0 events):
No events

Internal exceptions (0 events):
No events

VM Operations (17 events):
Event: 0.605 Executing VM operation: G1CollectForAllocation
Event: 0.614 Executing VM operation: G1CollectForAllocation done
Event: 0.988 Executing VM operation: G1CollectForAllocation
Event: 1.043 Executing VM operation: G1CollectForAllocation done
Event: 1.276 Executing VM operation: G1CollectForAllocation
Event: 1.311 Executing VM operation: G1CollectForAllocation done
Event: 1.432 Executing VM operation: G1CollectForAllocation
Event: 1.487 Executing VM operation: G1CollectForAllocation done
Event: 1.713 Executing VM operation: G1CollectForAllocation
Event: 1.790 Executing VM operation: G1CollectForAllocation done
Event: 4.564 Executing VM operation: G1CollectForAllocation
Event: 4.664 Executing VM operation: G1CollectForAllocation done
Event: 4.898 Executing VM operation: G1CollectForAllocation
Event: 5.031 Executing VM operation: G1CollectForAllocation done
Event: 5.515 Executing VM operation: G1CollectForAllocation
Event: 5.650 Executing VM operation: G1CollectForAllocation done
Event: 6.292 Executing VM operation: G1CollectForAllocation

Events (20 events):
Event: 0.473 loading class java/lang/PublicMethods$MethodList done
Event: 0.473 loading class java/lang/PublicMethods$Key
Event: 0.473 loading class java/lang/PublicMethods$Key done
Event: 0.473 loading class java/lang/Void
Event: 0.473 loading class java/lang/Void done
Event: 0.474 loading class java/math/BigInteger
Event: 0.475 loading class java/math/BigInteger done
Event: 0.477 loading class java/util/LinkedList$Node
Event: 0.477 loading class java/util/LinkedList$Node done
Event: 0.477 loading class java/math/MutableBigInteger
Event: 0.478 loading class java/math/MutableBigInteger done
Event: 0.478 loading class java/lang/StrictMath
Event: 0.479 loading class java/lang/StrictMath done
Event: 0.479 loading class java/util/ArrayList$Itr
Event: 0.479 loading class java/util/ArrayList$Itr done
Event: 0.525 loading class java/util/function/BiFunction
Event: 0.525 Thread 0x000002d1aafa3260 Thread added: 0x000002d1aafa3260
Event: 0.525 loading class java/util/function/BiFunction done
Event: 0.525 Thread 0x000002d1aafa3770 Thread added: 0x000002d1aafa3770
Event: 5.877 Thread 0x000002d1aafa3770 Thread exited: 0x000002d1aafa3770


Dynamic libraries:
0x00007ff72ae10000 - 0x00007ff72ae1e000 	D:\ECLIPSE\eclipse\plugins\org.eclipse.justj.openjdk.hotspot.jre.full.win32.x86_64_17.0.3.v20220515-1416\jre\bin\javaw.exe
0x00007ffa69850000 - 0x00007ffa69a48000 	C:\WINDOWS\SYSTEM32\ntdll.dll
0x00007ffa68770000 - 0x00007ffa6882f000 	C:\WINDOWS\System32\KERNEL32.DLL
0x00007ffa66fa0000 - 0x00007ffa67272000 	C:\WINDOWS\System32\KERNELBASE.dll
0x00007ffa67540000 - 0x00007ffa67640000 	C:\WINDOWS\System32\ucrtbase.dll
0x00007ffa49ed0000 - 0x00007ffa49ee8000 	D:\ECLIPSE\eclipse\plugins\org.eclipse.justj.openjdk.hotspot.jre.full.win32.x86_64_17.0.3.v20220515-1416\jre\bin\jli.dll
0x00007ffa68f10000 - 0x00007ffa690b1000 	C:\WINDOWS\System32\USER32.dll
0x00007ffa66f40000 - 0x00007ffa66f62000 	C:\WINDOWS\System32\win32u.dll
0x00007ffa69640000 - 0x00007ffa6966b000 	C:\WINDOWS\System32\GDI32.dll
0x00007ffa67780000 - 0x00007ffa6788f000 	C:\WINDOWS\System32\gdi32full.dll
0x00007ffa674a0000 - 0x00007ffa6753d000 	C:\WINDOWS\System32\msvcp_win.dll
0x00007ffa62a80000 - 0x00007ffa62a99000 	D:\ECLIPSE\eclipse\plugins\org.eclipse.justj.openjdk.hotspot.jre.full.win32.x86_64_17.0.3.v20220515-1416\jre\bin\VCRUNTIME140.dll
0x00007ffa52020000 - 0x00007ffa522ba000 	C:\WINDOWS\WinSxS\amd64_microsoft.windows.common-controls_6595b64144ccf1df_6.0.19041.1110_none_60b5254171f9507e\COMCTL32.dll
0x00007ffa69670000 - 0x00007ffa6970e000 	C:\WINDOWS\System32\msvcrt.dll
0x00007ffa68b40000 - 0x00007ffa68b72000 	C:\WINDOWS\System32\IMM32.DLL
0x00007ffa4f010000 - 0x00007ffa4f01c000 	D:\ECLIPSE\eclipse\plugins\org.eclipse.justj.openjdk.hotspot.jre.full.win32.x86_64_17.0.3.v20220515-1416\jre\bin\vcruntime140_1.dll
0x00007ffa35980000 - 0x00007ffa35a11000 	D:\ECLIPSE\eclipse\plugins\org.eclipse.justj.openjdk.hotspot.jre.full.win32.x86_64_17.0.3.v20220515-1416\jre\bin\msvcp140.dll
0x00007ff9d70f0000 - 0x00007ff9d7d38000 	D:\ECLIPSE\eclipse\plugins\org.eclipse.justj.openjdk.hotspot.jre.full.win32.x86_64_17.0.3.v20220515-1416\jre\bin\server\jvm.dll
0x00007ffa67890000 - 0x00007ffa6793e000 	C:\WINDOWS\System32\ADVAPI32.dll
0x00007ffa69770000 - 0x00007ffa6980c000 	C:\WINDOWS\System32\sechost.dll
0x00007ffa67940000 - 0x00007ffa67a65000 	C:\WINDOWS\System32\RPCRT4.dll
0x00007ffa68830000 - 0x00007ffa68838000 	C:\WINDOWS\System32\PSAPI.DLL
0x00007ffa62b30000 - 0x00007ffa62b39000 	C:\WINDOWS\SYSTEM32\WSOCK32.dll
0x00007ffa68dc0000 - 0x00007ffa68e2b000 	C:\WINDOWS\System32\WS2_32.dll
0x00007ffa5e5a0000 - 0x00007ffa5e5c7000 	C:\WINDOWS\SYSTEM32\WINMM.dll
0x00007ffa61fc0000 - 0x00007ffa61fca000 	C:\WINDOWS\SYSTEM32\VERSION.dll
0x00007ffa657b0000 - 0x00007ffa657c2000 	C:\WINDOWS\SYSTEM32\kernel.appcore.dll
0x00007ffa62ab0000 - 0x00007ffa62aba000 	D:\ECLIPSE\eclipse\plugins\org.eclipse.justj.openjdk.hotspot.jre.full.win32.x86_64_17.0.3.v20220515-1416\jre\bin\jimage.dll
0x00007ffa53b00000 - 0x00007ffa53ce4000 	C:\WINDOWS\SYSTEM32\DBGHELP.DLL
0x00007ffa4e080000 - 0x00007ffa4e0b5000 	C:\WINDOWS\SYSTEM32\dbgcore.DLL
0x00007ffa676f0000 - 0x00007ffa67772000 	C:\WINDOWS\System32\bcryptPrimitives.dll
0x00007ffa4ef20000 - 0x00007ffa4ef45000 	D:\ECLIPSE\eclipse\plugins\org.eclipse.justj.openjdk.hotspot.jre.full.win32.x86_64_17.0.3.v20220515-1416\jre\bin\java.dll
0x00007ffa62a60000 - 0x00007ffa62a78000 	D:\ECLIPSE\eclipse\plugins\org.eclipse.justj.openjdk.hotspot.jre.full.win32.x86_64_17.0.3.v20220515-1416\jre\bin\zip.dll
0x00007ffa68020000 - 0x00007ffa68764000 	C:\WINDOWS\System32\SHELL32.dll
0x00007ffa65000000 - 0x00007ffa65792000 	C:\WINDOWS\SYSTEM32\windows.storage.dll
0x00007ffa67c50000 - 0x00007ffa67fa5000 	C:\WINDOWS\System32\combase.dll
0x00007ffa669a0000 - 0x00007ffa669d0000 	C:\WINDOWS\SYSTEM32\Wldp.dll
0x00007ffa67b40000 - 0x00007ffa67bed000 	C:\WINDOWS\System32\SHCORE.dll
0x00007ffa69710000 - 0x00007ffa69765000 	C:\WINDOWS\System32\shlwapi.dll
0x00007ffa66e80000 - 0x00007ffa66e9f000 	C:\WINDOWS\SYSTEM32\profapi.dll

dbghelp: loaded successfully - version: 4.0.5 - missing functions: none
symbol engine: initialized successfully - sym options: 0x614 - pdb path: .;D:\ECLIPSE\eclipse\plugins\org.eclipse.justj.openjdk.hotspot.jre.full.win32.x86_64_17.0.3.v20220515-1416\jre\bin;C:\WINDOWS\SYSTEM32;C:\WINDOWS\WinSxS\amd64_microsoft.windows.common-controls_6595b64144ccf1df_6.0.19041.1110_none_60b5254171f9507e;D:\ECLIPSE\eclipse\plugins\org.eclipse.justj.openjdk.hotspot.jre.full.win32.x86_64_17.0.3.v20220515-1416\jre\bin\server

VM Arguments:
jvm_args: -Dfile.encoding=Cp1252 -XX:+ShowCodeDetailsInExceptionMessages 
java_command: Main
java_class_path (initial): G:\Dimitrios\Documents\UOM\Coding\ECLIPSE\KnuthProblem\bin
Launcher Type: SUN_STANDARD

[Global flags]
     intx CICompilerCount                          = 4                                         {product} {ergonomic}
     uint ConcGCThreads                            = 2                                         {product} {ergonomic}
     uint G1ConcRefinementThreads                  = 8                                         {product} {ergonomic}
   size_t G1HeapRegionSize                         = 2097152                                   {product} {ergonomic}
    uintx GCDrainStackTargetSize                   = 64                                        {product} {ergonomic}
   size_t InitialHeapSize                          = 268435456                                 {product} {ergonomic}
   size_t MarkStackSize                            = 4194304                                   {product} {ergonomic}
   size_t MaxHeapSize                              = 4280287232                                {product} {ergonomic}
   size_t MaxNewSize                               = 2566914048                                {product} {ergonomic}
   size_t MinHeapDeltaBytes                        = 2097152                                   {product} {ergonomic}
   size_t MinHeapSize                              = 8388608                                   {product} {ergonomic}
    uintx NonNMethodCodeHeapSize                   = 5839372                                {pd product} {ergonomic}
    uintx NonProfiledCodeHeapSize                  = 122909434                              {pd product} {ergonomic}
    uintx ProfiledCodeHeapSize                     = 122909434                              {pd product} {ergonomic}
    uintx ReservedCodeCacheSize                    = 251658240                              {pd product} {ergonomic}
     bool SegmentedCodeCache                       = true                                      {product} {ergonomic}
     bool ShowCodeDetailsInExceptionMessages       = true                                   {manageable} {command line}
   size_t SoftMaxHeapSize                          = 4280287232                             {manageable} {ergonomic}
     bool UseCompressedClassPointers               = true                           {product lp64_product} {ergonomic}
     bool UseCompressedOops                        = true                           {product lp64_product} {ergonomic}
     bool UseG1GC                                  = true                                      {product} {ergonomic}
     bool UseLargePagesIndividualAllocation        = false                                  {pd product} {ergonomic}

Logging:
Log output configuration:
 #0: stdout all=warning uptime,level,tags
 #1: stderr all=off uptime,level,tags

Environment Variables:
PATH=D:/ECLIPSE/eclipse//plugins/org.eclipse.justj.openjdk.hotspot.jre.full.win32.x86_64_17.0.3.v20220515-1416/jre/bin/server;D:/ECLIPSE/eclipse//plugins/org.eclipse.justj.openjdk.hotspot.jre.full.win32.x86_64_17.0.3.v20220515-1416/jre/bin;C:\Program Files (x86)\Common Files\Oracle\Java\javapath;C:\Program Files (x86)\Razer Chroma SDK\bin;C:\Program Files\Razer Chroma SDK\bin;C:\Program Files (x86)\Razer\ChromaBroadcast\bin;C:\Program Files\Razer\ChromaBroadcast\bin;C:\ProgramData\Oracle\Java\javapath;C:\Windows\system32;C:\Windows;C:\Windows\System32\Wbem;C:\Windows\System32\WindowsPowerShell\v1.0\;C:\Windows\System32\OpenSSH\;C:\Program Files\NVIDIA Corporation\NVIDIA NvDLISR;C:\Users\Dimitrios\AppData\Local\Microsoft\WindowsApps;C:\Windows\system32\config\systemprofile\AppData\Local\Microsoft\WindowsApps;C:\Program Files (x86)\Common Files\Adobe\AGL;C:\Program Files\PuTTY\;C:\WINDOWS\system32;C:\WINDOWS;C:\WINDOWS\System32\Wbem;C:\WINDOWS\System32\WindowsPowerShell\v1.0\;C:\WINDOWS\System32\OpenSSH\;C:\Program Files (x86)\NVIDIA Corporation\PhysX\Common;C:\Program Files\dotnet\;C:\Program Files\Microsoft SQL Server\150\Tools\Binn\;C:\Users\Dimitrios\AppData\Local\Microsoft\WindowsApps;D:\Dimitrios\Microsoft VS Code\bin;C:\Users\Dimitrios\AppData\Local\GitHubDesktop\bin;D:\ECLIPSE\eclipse;
USERNAME=Dimitrios
OS=Windows_NT
PROCESSOR_IDENTIFIER=Intel64 Family 6 Model 60 Stepping 3, GenuineIntel



---------------  S Y S T E M  ---------------

OS:
 Windows 10 , 64 bit Build 19041 (10.0.19041.2364)
OS uptime: 0 days 6:03 hours

CPU: total 8 (initial active 8) (4 cores per cpu, 2 threads per core) family 6 model 60 stepping 3 microcode 0x27, cx8, cmov, fxsr, ht, mmx, sse, sse2, sse3, ssse3, sse4.1, sse4.2, popcnt, lzcnt, tsc, tscinvbit, avx, avx2, aes, erms, clmul, bmi1, bmi2, fma, vzeroupper, clflush

Memory: 4k page, system-wide physical 16324M (151M free)
TotalPageFile size 25561M (AvailPageFile size 807M)
current process WorkingSet (physical memory assigned to process): 526M, peak: 526M
current process commit charge ("private bytes"): 633M, peak: 1459M

vm_info: OpenJDK 64-Bit Server VM (17.0.3+7) for windows-amd64 JRE (17.0.3+7), built on Apr 19 2022 16:55:35 by "" with MS VC++ 16.7 (VS2019)

END.
